<?xml version="1.0" encoding="UTF-8" ?>
<testsuite failures="0" time="3.645" errors="0" skipped="0" tests="1" name="com.testdrivendevelopment.example.acceptance.BuyStocksAcceptanceTest">
  <properties>
    <property name="java.runtime.name" value="Java(TM) SE Runtime Environment"/>
    <property name="sun.boot.library.path" value="/usr/lib/jvm/java-6-sun-1.6.0.26/jre/lib/i386"/>
    <property name="java.vm.version" value="20.1-b02"/>
    <property name="java.vm.vendor" value="Sun Microsystems Inc."/>
    <property name="java.vendor.url" value="http://java.sun.com/"/>
    <property name="path.separator" value=":"/>
    <property name="java.vm.name" value="Java HotSpot(TM) Server VM"/>
    <property name="file.encoding.pkg" value="sun.io"/>
    <property name="user.country" value="GB"/>
    <property name="sun.java.launcher" value="SUN_STANDARD"/>
    <property name="sun.os.patch.level" value="unknown"/>
    <property name="java.vm.specification.name" value="Java Virtual Machine Specification"/>
    <property name="user.dir" value="/home/wojtek/IdeaProjects/simple-stocks-example-in-yatspec"/>
    <property name="java.runtime.version" value="1.6.0_26-b03"/>
    <property name="java.awt.graphicsenv" value="sun.awt.X11GraphicsEnvironment"/>
    <property name="basedir" value="/home/wojtek/IdeaProjects/simple-stocks-example-in-yatspec"/>
    <property name="java.endorsed.dirs" value="/usr/lib/jvm/java-6-sun-1.6.0.26/jre/lib/endorsed"/>
    <property name="os.arch" value="i386"/>
    <property name="surefire.real.class.path" value="/tmp/surefirebooter8188879200958136584.jar"/>
    <property name="java.io.tmpdir" value="/tmp"/>
    <property name="line.separator" value="
"/>
    <property name="java.vm.specification.vendor" value="Sun Microsystems Inc."/>
    <property name="os.name" value="Linux"/>
    <property name="sun.jnu.encoding" value="UTF-8"/>
    <property name="java.library.path" value="/usr/lib/jvm/java-6-sun-1.6.0.26/jre/lib/i386/server:/usr/lib/jvm/java-6-sun-1.6.0.26/jre/lib/i386:/usr/lib/jvm/java-6-sun-1.6.0.26/jre/../lib/i386:/usr/java/packages/lib/i386:/lib:/usr/lib"/>
    <property name="surefire.test.class.path" value="/home/wojtek/IdeaProjects/simple-stocks-example-in-yatspec/target/test-classes:/home/wojtek/IdeaProjects/simple-stocks-example-in-yatspec/target/classes:/home/wojtek/.m2/repository/junit/junit/4.10/junit-4.10.jar:/home/wojtek/.m2/repository/org/hamcrest/hamcrest-core/1.1/hamcrest-core-1.1.jar:/home/wojtek/.m2/repository/asm/asm/3.3.1/asm-3.3.1.jar:/home/wojtek/.m2/repository/com/googlecode/totallylazy/totallylazy/280/totallylazy-280.jar:/home/wojtek/.m2/repository/com/sun/jersey/jersey-bundle/1.8/jersey-bundle-1.8.jar:/home/wojtek/.m2/repository/javax/ws/rs/jsr311-api/1.1.1/jsr311-api-1.1.1.jar:/home/wojtek/.m2/repository/com/sun/grizzly/grizzly-servlet-webserver/1.9.18-i/grizzly-servlet-webserver-1.9.18-i.jar:/home/wojtek/.m2/repository/com/sun/grizzly/grizzly-http/1.9.18-i/grizzly-http-1.9.18-i.jar:/home/wojtek/.m2/repository/com/sun/grizzly/grizzly-framework/1.9.18-i/grizzly-framework-1.9.18-i.jar:/home/wojtek/.m2/repository/com/sun/grizzly/grizzly-utils/1.9.18-i/grizzly-utils-1.9.18-i.jar:/home/wojtek/.m2/repository/com/sun/grizzly/grizzly-rcm/1.9.18-i/grizzly-rcm-1.9.18-i.jar:/home/wojtek/.m2/repository/com/sun/grizzly/grizzly-portunif/1.9.18-i/grizzly-portunif-1.9.18-i.jar:/home/wojtek/.m2/repository/com/sun/grizzly/grizzly-http-servlet/1.9.18-i/grizzly-http-servlet-1.9.18-i.jar:/home/wojtek/.m2/repository/javax/servlet/servlet-api/2.5/servlet-api-2.5.jar:/home/wojtek/.m2/repository/org/json/json/20090211/json-20090211.jar:/home/wojtek/.m2/repository/org/mockito/mockito-all/1.8.5/mockito-all-1.8.5.jar:/home/wojtek/.m2/repository/org/easytesting/fest-assert/1.4/fest-assert-1.4.jar:/home/wojtek/.m2/repository/org/easytesting/fest-util/1.1.6/fest-util-1.1.6.jar:/home/wojtek/.m2/repository/com/sun/jersey/jersey-client/1.8/jersey-client-1.8.jar:/home/wojtek/.m2/repository/com/sun/jersey/jersey-core/1.8/jersey-core-1.8.jar:/home/wojtek/.m2/repository/com/googlecode/yatspec/yatspec/149/yatspec-149.jar:/home/wojtek/.m2/repository/antlr/antlr/2.7.7/antlr-2.7.7.jar:/home/wojtek/.m2/repository/org/antlr/stringtemplate/3.2.1/stringtemplate-3.2.1.jar:/home/wojtek/.m2/repository/com/thoughtworks/qdox/qdox/1.12/qdox-1.12.jar:/home/wojtek/.m2/repository/jaxen/jaxen/1.1.1/jaxen-1.1.1.jar:/home/wojtek/.m2/repository/dom4j/dom4j/1.6.1/dom4j-1.6.1.jar:/home/wojtek/.m2/repository/jdom/jdom/1.0/jdom-1.0.jar:/home/wojtek/.m2/repository/xml-apis/xml-apis/1.3.02/xml-apis-1.3.02.jar:/home/wojtek/.m2/repository/xerces/xercesImpl/2.6.2/xercesImpl-2.6.2.jar:/home/wojtek/.m2/repository/xom/xom/1.0/xom-1.0.jar:/home/wojtek/.m2/repository/xerces/xmlParserAPIs/2.6.2/xmlParserAPIs-2.6.2.jar:/home/wojtek/.m2/repository/xalan/xalan/2.6.0/xalan-2.6.0.jar:/home/wojtek/.m2/repository/com/ibm/icu/icu4j/2.6.1/icu4j-2.6.1.jar:/home/wojtek/.m2/repository/org/jdom/jdom/1.1/jdom-1.1.jar:/home/wojtek/.m2/repository/org/hamcrest/hamcrest-all/1.1/hamcrest-all-1.1.jar:"/>
    <property name="java.specification.name" value="Java Platform API Specification"/>
    <property name="java.class.version" value="50.0"/>
    <property name="sun.management.compiler" value="HotSpot Tiered Compilers"/>
    <property name="os.version" value="2.6.38-11-generic-pae"/>
    <property name="user.home" value="/home/wojtek"/>
    <property name="user.timezone" value="Europe/London"/>
    <property name="java.awt.printerjob" value="sun.print.PSPrinterJob"/>
    <property name="file.encoding" value="UTF-8"/>
    <property name="java.specification.version" value="1.6"/>
    <property name="user.name" value="wojtek"/>
    <property name="java.class.path" value="/home/wojtek/IdeaProjects/simple-stocks-example-in-yatspec/target/test-classes:/home/wojtek/IdeaProjects/simple-stocks-example-in-yatspec/target/classes:/home/wojtek/.m2/repository/junit/junit/4.10/junit-4.10.jar:/home/wojtek/.m2/repository/org/hamcrest/hamcrest-core/1.1/hamcrest-core-1.1.jar:/home/wojtek/.m2/repository/asm/asm/3.3.1/asm-3.3.1.jar:/home/wojtek/.m2/repository/com/googlecode/totallylazy/totallylazy/280/totallylazy-280.jar:/home/wojtek/.m2/repository/com/sun/jersey/jersey-bundle/1.8/jersey-bundle-1.8.jar:/home/wojtek/.m2/repository/javax/ws/rs/jsr311-api/1.1.1/jsr311-api-1.1.1.jar:/home/wojtek/.m2/repository/com/sun/grizzly/grizzly-servlet-webserver/1.9.18-i/grizzly-servlet-webserver-1.9.18-i.jar:/home/wojtek/.m2/repository/com/sun/grizzly/grizzly-http/1.9.18-i/grizzly-http-1.9.18-i.jar:/home/wojtek/.m2/repository/com/sun/grizzly/grizzly-framework/1.9.18-i/grizzly-framework-1.9.18-i.jar:/home/wojtek/.m2/repository/com/sun/grizzly/grizzly-utils/1.9.18-i/grizzly-utils-1.9.18-i.jar:/home/wojtek/.m2/repository/com/sun/grizzly/grizzly-rcm/1.9.18-i/grizzly-rcm-1.9.18-i.jar:/home/wojtek/.m2/repository/com/sun/grizzly/grizzly-portunif/1.9.18-i/grizzly-portunif-1.9.18-i.jar:/home/wojtek/.m2/repository/com/sun/grizzly/grizzly-http-servlet/1.9.18-i/grizzly-http-servlet-1.9.18-i.jar:/home/wojtek/.m2/repository/javax/servlet/servlet-api/2.5/servlet-api-2.5.jar:/home/wojtek/.m2/repository/org/json/json/20090211/json-20090211.jar:/home/wojtek/.m2/repository/org/mockito/mockito-all/1.8.5/mockito-all-1.8.5.jar:/home/wojtek/.m2/repository/org/easytesting/fest-assert/1.4/fest-assert-1.4.jar:/home/wojtek/.m2/repository/org/easytesting/fest-util/1.1.6/fest-util-1.1.6.jar:/home/wojtek/.m2/repository/com/sun/jersey/jersey-client/1.8/jersey-client-1.8.jar:/home/wojtek/.m2/repository/com/sun/jersey/jersey-core/1.8/jersey-core-1.8.jar:/home/wojtek/.m2/repository/com/googlecode/yatspec/yatspec/149/yatspec-149.jar:/home/wojtek/.m2/repository/antlr/antlr/2.7.7/antlr-2.7.7.jar:/home/wojtek/.m2/repository/org/antlr/stringtemplate/3.2.1/stringtemplate-3.2.1.jar:/home/wojtek/.m2/repository/com/thoughtworks/qdox/qdox/1.12/qdox-1.12.jar:/home/wojtek/.m2/repository/jaxen/jaxen/1.1.1/jaxen-1.1.1.jar:/home/wojtek/.m2/repository/dom4j/dom4j/1.6.1/dom4j-1.6.1.jar:/home/wojtek/.m2/repository/jdom/jdom/1.0/jdom-1.0.jar:/home/wojtek/.m2/repository/xml-apis/xml-apis/1.3.02/xml-apis-1.3.02.jar:/home/wojtek/.m2/repository/xerces/xercesImpl/2.6.2/xercesImpl-2.6.2.jar:/home/wojtek/.m2/repository/xom/xom/1.0/xom-1.0.jar:/home/wojtek/.m2/repository/xerces/xmlParserAPIs/2.6.2/xmlParserAPIs-2.6.2.jar:/home/wojtek/.m2/repository/xalan/xalan/2.6.0/xalan-2.6.0.jar:/home/wojtek/.m2/repository/com/ibm/icu/icu4j/2.6.1/icu4j-2.6.1.jar:/home/wojtek/.m2/repository/org/jdom/jdom/1.1/jdom-1.1.jar:/home/wojtek/.m2/repository/org/hamcrest/hamcrest-all/1.1/hamcrest-all-1.1.jar:"/>
    <property name="java.vm.specification.version" value="1.0"/>
    <property name="sun.arch.data.model" value="32"/>
    <property name="java.home" value="/usr/lib/jvm/java-6-sun-1.6.0.26/jre"/>
    <property name="sun.java.command" value="/tmp/surefirebooter8188879200958136584.jar /tmp/surefire7653166027492767812tmp /tmp/surefire6495056826990796605tmp"/>
    <property name="java.specification.vendor" value="Sun Microsystems Inc."/>
    <property name="user.language" value="en"/>
    <property name="java.vm.info" value="mixed mode"/>
    <property name="java.version" value="1.6.0_26"/>
    <property name="java.ext.dirs" value="/usr/lib/jvm/java-6-sun-1.6.0.26/jre/lib/ext:/usr/java/packages/lib/ext"/>
    <property name="sun.boot.class.path" value="/usr/lib/jvm/java-6-sun-1.6.0.26/jre/lib/resources.jar:/usr/lib/jvm/java-6-sun-1.6.0.26/jre/lib/rt.jar:/usr/lib/jvm/java-6-sun-1.6.0.26/jre/lib/sunrsasign.jar:/usr/lib/jvm/java-6-sun-1.6.0.26/jre/lib/jsse.jar:/usr/lib/jvm/java-6-sun-1.6.0.26/jre/lib/jce.jar:/usr/lib/jvm/java-6-sun-1.6.0.26/jre/lib/charsets.jar:/usr/lib/jvm/java-6-sun-1.6.0.26/jre/lib/modules/jdk.boot.jar:/usr/lib/jvm/java-6-sun-1.6.0.26/jre/classes"/>
    <property name="java.vendor" value="Sun Microsystems Inc."/>
    <property name="localRepository" value="/home/wojtek/.m2/repository"/>
    <property name="file.separator" value="/"/>
    <property name="java.vendor.url.bug" value="http://java.sun.com/cgi-bin/bugreport.cgi"/>
    <property name="sun.cpu.endian" value="little"/>
    <property name="sun.io.unicode.encoding" value="UnicodeLittle"/>
    <property name="sun.desktop" value="gnome"/>
    <property name="sun.cpu.isalist" value=""/>
  </properties>
  <testcase time="2.834" classname="com.testdrivendevelopment.example.acceptance.BuyStocksAcceptanceTest" name="buyStocksWhenPriceDrops"/>
</testsuite>